{
  "stats": {
    "suites": 3,
    "tests": 3,
    "passes": 3,
    "pending": 0,
    "failures": 0,
    "start": "2022-09-26T10:21:08.189Z",
    "end": "2022-09-26T10:21:33.382Z",
    "duration": 25193,
    "testsRegistered": 3,
    "passPercent": 100,
    "pendingPercent": 0,
    "other": 0,
    "hasOther": false,
    "skipped": 0,
    "hasSkipped": false
  },
  "results": [
    {
      "uuid": "4436fbab-07eb-4c0e-98c0-0e4a78804b43",
      "title": "",
      "fullFile": "cypress/integration/RegressionTest.js",
      "file": "cypress/integration/RegressionTest.js",
      "beforeHooks": [],
      "afterHooks": [],
      "tests": [],
      "suites": [
        {
          "uuid": "ef6500fe-2bae-400e-87ce-6279c20665db",
          "title": "Quales Course Management Regression Test suite",
          "fullFile": "",
          "file": "",
          "beforeHooks": [],
          "afterHooks": [],
          "tests": [],
          "suites": [
            {
              "uuid": "704c4f9c-43b9-4b0e-babb-8fb908ae348b",
              "title": "Tests after login",
              "fullFile": "",
              "file": "",
              "beforeHooks": [],
              "afterHooks": [],
              "tests": [
                {
                  "title": "Validate that users with valid credentials can login to the app successfully",
                  "fullTitle": "Quales Course Management Regression Test suite Tests after login Validate that users with valid credentials can login to the app successfully",
                  "timedOut": null,
                  "duration": 5135,
                  "state": "passed",
                  "speed": "slow",
                  "pass": true,
                  "fail": false,
                  "pending": false,
                  "context": null,
                  "code": "//Test successful login\ncy.checksuccessfulLoginMessage({});",
                  "err": {},
                  "uuid": "8d2f6fe8-4f78-485b-9f6f-6b778b8fbe02",
                  "parentUUID": "704c4f9c-43b9-4b0e-babb-8fb908ae348b",
                  "isHook": false,
                  "skipped": false
                },
                {
                  "title": "Validate that courses are displayed successfully",
                  "fullTitle": "Quales Course Management Regression Test suite Tests after login Validate that courses are displayed successfully",
                  "timedOut": null,
                  "duration": 8345,
                  "state": "passed",
                  "speed": "slow",
                  "pass": true,
                  "fail": false,
                  "pending": false,
                  "context": null,
                  "code": "//Test courses are listed.\ncy.checkCoursesDisplay({});",
                  "err": {},
                  "uuid": "65413d06-90cc-4e5e-b380-011d910f7850",
                  "parentUUID": "704c4f9c-43b9-4b0e-babb-8fb908ae348b",
                  "isHook": false,
                  "skipped": false
                }
              ],
              "suites": [],
              "passes": [
                "8d2f6fe8-4f78-485b-9f6f-6b778b8fbe02",
                "65413d06-90cc-4e5e-b380-011d910f7850"
              ],
              "failures": [],
              "pending": [],
              "skipped": [],
              "duration": 13480,
              "root": false,
              "rootEmpty": false,
              "_timeout": 2000
            },
            {
              "uuid": "3d06ee8c-f75c-4c90-8194-546b42ad8f45",
              "title": "Tear Down",
              "fullFile": "",
              "file": "",
              "beforeHooks": [],
              "afterHooks": [],
              "tests": [
                {
                  "title": "Validate that users can logout of the app successfully",
                  "fullTitle": "Quales Course Management Regression Test suite Tear Down Validate that users can logout of the app successfully",
                  "timedOut": null,
                  "duration": 11635,
                  "state": "passed",
                  "speed": "slow",
                  "pass": true,
                  "fail": false,
                  "pending": false,
                  "context": null,
                  "code": "//Test successful logout\ncy.checkLogout({});",
                  "err": {},
                  "uuid": "189f4997-a6d7-4e35-8fcf-38c6d42192e3",
                  "parentUUID": "3d06ee8c-f75c-4c90-8194-546b42ad8f45",
                  "isHook": false,
                  "skipped": false
                }
              ],
              "suites": [],
              "passes": [
                "189f4997-a6d7-4e35-8fcf-38c6d42192e3"
              ],
              "failures": [],
              "pending": [],
              "skipped": [],
              "duration": 11635,
              "root": false,
              "rootEmpty": false,
              "_timeout": 2000
            }
          ],
          "passes": [],
          "failures": [],
          "pending": [],
          "skipped": [],
          "duration": 0,
          "root": false,
          "rootEmpty": false,
          "_timeout": 2000
        }
      ],
      "passes": [],
      "failures": [],
      "pending": [],
      "skipped": [],
      "duration": 0,
      "root": true,
      "rootEmpty": true,
      "_timeout": 2000
    }
  ],
  "meta": {
    "mocha": {
      "version": "7.0.1"
    },
    "mochawesome": {
      "options": {
        "quiet": false,
        "reportFilename": "mochawesome",
        "saveHtml": true,
        "saveJson": true,
        "consoleReporter": "spec",
        "useInlineDiffs": false,
        "code": true
      },
      "version": "6.2.2"
    },
    "marge": {
      "options": null,
      "version": "5.2.0"
    }
  }
}