{
  "stats": {
    "suites": 3,
    "tests": 3,
    "passes": 3,
    "pending": 0,
    "failures": 0,
    "start": "2022-09-26T10:58:59.179Z",
    "end": "2022-09-26T10:59:20.261Z",
    "duration": 21082,
    "testsRegistered": 3,
    "passPercent": 100,
    "pendingPercent": 0,
    "other": 0,
    "hasOther": false,
    "skipped": 0,
    "hasSkipped": false
  },
  "results": [
    {
      "uuid": "687f7f03-92ee-47b3-a038-1226d067db22",
      "title": "",
      "fullFile": "cypress/integration/RegressionTest.js",
      "file": "cypress/integration/RegressionTest.js",
      "beforeHooks": [],
      "afterHooks": [],
      "tests": [],
      "suites": [
        {
          "uuid": "13c430f3-6708-4f46-ba64-09dc102eaf8f",
          "title": "Quales Course Management Regression Test suite",
          "fullFile": "",
          "file": "",
          "beforeHooks": [],
          "afterHooks": [],
          "tests": [],
          "suites": [
            {
              "uuid": "c9c3ed5b-8ebc-44d6-b666-bbae203935b1",
              "title": "Tests after login",
              "fullFile": "",
              "file": "",
              "beforeHooks": [],
              "afterHooks": [],
              "tests": [
                {
                  "title": "Validate that users with valid credentials can login to the app successfully",
                  "fullTitle": "Quales Course Management Regression Test suite Tests after login Validate that users with valid credentials can login to the app successfully",
                  "timedOut": null,
                  "duration": 6624,
                  "state": "passed",
                  "speed": "slow",
                  "pass": true,
                  "fail": false,
                  "pending": false,
                  "context": null,
                  "code": "//Test successful login\ncy.checksuccessfulLoginMessage({});",
                  "err": {},
                  "uuid": "b33c3ad5-8bcc-4692-b5f5-3e07ceac4b08",
                  "parentUUID": "c9c3ed5b-8ebc-44d6-b666-bbae203935b1",
                  "isHook": false,
                  "skipped": false
                },
                {
                  "title": "Validate that courses are displayed successfully",
                  "fullTitle": "Quales Course Management Regression Test suite Tests after login Validate that courses are displayed successfully",
                  "timedOut": null,
                  "duration": 3244,
                  "state": "passed",
                  "speed": "slow",
                  "pass": true,
                  "fail": false,
                  "pending": false,
                  "context": null,
                  "code": "//Test courses are listed.\ncy.checkCoursesDisplay({});",
                  "err": {},
                  "uuid": "1f464aec-98e8-41ec-a307-7ae6c002c6dc",
                  "parentUUID": "c9c3ed5b-8ebc-44d6-b666-bbae203935b1",
                  "isHook": false,
                  "skipped": false
                }
              ],
              "suites": [],
              "passes": [
                "b33c3ad5-8bcc-4692-b5f5-3e07ceac4b08",
                "1f464aec-98e8-41ec-a307-7ae6c002c6dc"
              ],
              "failures": [],
              "pending": [],
              "skipped": [],
              "duration": 9868,
              "root": false,
              "rootEmpty": false,
              "_timeout": 2000
            },
            {
              "uuid": "38d4fabf-1138-49c7-964a-5e0815464c2a",
              "title": "Tear Down",
              "fullFile": "",
              "file": "",
              "beforeHooks": [],
              "afterHooks": [],
              "tests": [
                {
                  "title": "Validate that users can logout of the app successfully",
                  "fullTitle": "Quales Course Management Regression Test suite Tear Down Validate that users can logout of the app successfully",
                  "timedOut": null,
                  "duration": 11068,
                  "state": "passed",
                  "speed": "slow",
                  "pass": true,
                  "fail": false,
                  "pending": false,
                  "context": null,
                  "code": "//Test successful logout\ncy.clickLogout({});\ncy.assertLoginPage({});",
                  "err": {},
                  "uuid": "1907b841-50d7-483e-b10f-100e3e14759c",
                  "parentUUID": "38d4fabf-1138-49c7-964a-5e0815464c2a",
                  "isHook": false,
                  "skipped": false
                }
              ],
              "suites": [],
              "passes": [
                "1907b841-50d7-483e-b10f-100e3e14759c"
              ],
              "failures": [],
              "pending": [],
              "skipped": [],
              "duration": 11068,
              "root": false,
              "rootEmpty": false,
              "_timeout": 2000
            }
          ],
          "passes": [],
          "failures": [],
          "pending": [],
          "skipped": [],
          "duration": 0,
          "root": false,
          "rootEmpty": false,
          "_timeout": 2000
        }
      ],
      "passes": [],
      "failures": [],
      "pending": [],
      "skipped": [],
      "duration": 0,
      "root": true,
      "rootEmpty": true,
      "_timeout": 2000
    }
  ],
  "meta": {
    "mocha": {
      "version": "7.0.1"
    },
    "mochawesome": {
      "options": {
        "quiet": false,
        "reportFilename": "mochawesome",
        "saveHtml": true,
        "saveJson": true,
        "consoleReporter": "spec",
        "useInlineDiffs": false,
        "code": true
      },
      "version": "6.2.2"
    },
    "marge": {
      "options": null,
      "version": "5.2.0"
    }
  }
}