{
  "stats": {
    "suites": 3,
    "tests": 3,
    "passes": 3,
    "pending": 0,
    "failures": 0,
    "start": "2022-09-25T19:36:38.794Z",
    "end": "2022-09-25T19:37:02.094Z",
    "duration": 23300,
    "testsRegistered": 3,
    "passPercent": 100,
    "pendingPercent": 0,
    "other": 0,
    "hasOther": false,
    "skipped": 0,
    "hasSkipped": false
  },
  "results": [
    {
      "uuid": "f7c1d9fd-2191-48e8-b6e3-b7c028a850c9",
      "title": "",
      "fullFile": "cypress/integration/RegressionTest.js",
      "file": "cypress/integration/RegressionTest.js",
      "beforeHooks": [],
      "afterHooks": [],
      "tests": [],
      "suites": [
        {
          "uuid": "03f39837-6912-483b-aeab-14960659df5e",
          "title": "Quales Course Management Regression Test suite",
          "fullFile": "",
          "file": "",
          "beforeHooks": [],
          "afterHooks": [],
          "tests": [],
          "suites": [
            {
              "uuid": "45f0d331-e4a5-4fa2-9bf6-55e0bffdc039",
              "title": "In app tests",
              "fullFile": "",
              "file": "",
              "beforeHooks": [],
              "afterHooks": [],
              "tests": [
                {
                  "title": "Validate that users with valid credentials can login to the app successfully",
                  "fullTitle": "Quales Course Management Regression Test suite In app tests Validate that users with valid credentials can login to the app successfully",
                  "timedOut": null,
                  "duration": 5374,
                  "state": "passed",
                  "speed": "slow",
                  "pass": true,
                  "fail": false,
                  "pending": false,
                  "context": null,
                  "code": "//Test successful login\ncy.checksuccessfulLoginMessage({});",
                  "err": {},
                  "uuid": "88a20478-a2da-46e0-aca1-a9533e4f7d1d",
                  "parentUUID": "45f0d331-e4a5-4fa2-9bf6-55e0bffdc039",
                  "isHook": false,
                  "skipped": false
                },
                {
                  "title": "Validate that courses are displayed successfully",
                  "fullTitle": "Quales Course Management Regression Test suite In app tests Validate that courses are displayed successfully",
                  "timedOut": null,
                  "duration": 6784,
                  "state": "passed",
                  "speed": "slow",
                  "pass": true,
                  "fail": false,
                  "pending": false,
                  "context": null,
                  "code": "//Test courses are listed.\ncy.checkCoursesDisplay({});",
                  "err": {},
                  "uuid": "f8727dc2-3364-41a4-a419-ee62a5d197f4",
                  "parentUUID": "45f0d331-e4a5-4fa2-9bf6-55e0bffdc039",
                  "isHook": false,
                  "skipped": false
                }
              ],
              "suites": [],
              "passes": [
                "88a20478-a2da-46e0-aca1-a9533e4f7d1d",
                "f8727dc2-3364-41a4-a419-ee62a5d197f4"
              ],
              "failures": [],
              "pending": [],
              "skipped": [],
              "duration": 12158,
              "root": false,
              "rootEmpty": false,
              "_timeout": 2000
            },
            {
              "uuid": "d0a99880-ef69-4318-b0d3-2b4c758c7d96",
              "title": "Tear Down",
              "fullFile": "",
              "file": "",
              "beforeHooks": [],
              "afterHooks": [],
              "tests": [
                {
                  "title": "Validate that users can logout of the app successfully",
                  "fullTitle": "Quales Course Management Regression Test suite Tear Down Validate that users can logout of the app successfully",
                  "timedOut": null,
                  "duration": 11036,
                  "state": "passed",
                  "speed": "slow",
                  "pass": true,
                  "fail": false,
                  "pending": false,
                  "context": null,
                  "code": "//Test successful logout\ncy.checkLogout({});",
                  "err": {},
                  "uuid": "d6d16090-f569-4a68-8e92-d5e703952740",
                  "parentUUID": "d0a99880-ef69-4318-b0d3-2b4c758c7d96",
                  "isHook": false,
                  "skipped": false
                }
              ],
              "suites": [],
              "passes": [
                "d6d16090-f569-4a68-8e92-d5e703952740"
              ],
              "failures": [],
              "pending": [],
              "skipped": [],
              "duration": 11036,
              "root": false,
              "rootEmpty": false,
              "_timeout": 2000
            }
          ],
          "passes": [],
          "failures": [],
          "pending": [],
          "skipped": [],
          "duration": 0,
          "root": false,
          "rootEmpty": false,
          "_timeout": 2000
        }
      ],
      "passes": [],
      "failures": [],
      "pending": [],
      "skipped": [],
      "duration": 0,
      "root": true,
      "rootEmpty": true,
      "_timeout": 2000
    }
  ],
  "meta": {
    "mocha": {
      "version": "7.0.1"
    },
    "mochawesome": {
      "options": {
        "quiet": false,
        "reportFilename": "mochawesome",
        "saveHtml": true,
        "saveJson": true,
        "consoleReporter": "spec",
        "useInlineDiffs": false,
        "code": true
      },
      "version": "6.2.2"
    },
    "marge": {
      "options": null,
      "version": "5.2.0"
    }
  }
}