{
  "stats": {
    "suites": 1,
    "tests": 1,
    "passes": 1,
    "pending": 0,
    "failures": 0,
    "start": "2022-05-14T06:49:02.508Z",
    "end": "2022-05-14T06:49:14.128Z",
    "duration": 11620,
    "testsRegistered": 1,
    "passPercent": 100,
    "pendingPercent": 0,
    "other": 0,
    "hasOther": false,
    "skipped": 0,
    "hasSkipped": false
  },
  "results": [
    {
      "uuid": "a1aa975a-ff1c-4cb5-9ccc-4bf666ec0339",
      "title": "",
      "fullFile": "cypress/integration/RegressionTest.js",
      "file": "cypress/integration/RegressionTest.js",
      "beforeHooks": [],
      "afterHooks": [],
      "tests": [],
      "suites": [
        {
          "uuid": "a18bdf2b-d281-49e4-b1e9-8f33f3583ffd",
          "title": "Instagram Regression Test suite",
          "fullFile": "",
          "file": "",
          "beforeHooks": [],
          "afterHooks": [],
          "tests": [
            {
              "title": "Validate that user with invalid details cannot login to the Instagram successfully",
              "fullTitle": "Instagram Regression Test suite Validate that user with invalid details cannot login to the Instagram successfully",
              "timedOut": null,
              "duration": 8335,
              "state": "passed",
              "speed": "slow",
              "pass": true,
              "fail": false,
              "pending": false,
              "context": null,
              "code": "//Login\ncy.Login({}); //Assert login with wrong details.\ncy.AssertLoginWrongDetails({});",
              "err": {},
              "uuid": "caeda5b1-c607-41f8-817d-73a5c1ce365b",
              "parentUUID": "a18bdf2b-d281-49e4-b1e9-8f33f3583ffd",
              "isHook": false,
              "skipped": false
            }
          ],
          "suites": [],
          "passes": [
            "caeda5b1-c607-41f8-817d-73a5c1ce365b"
          ],
          "failures": [],
          "pending": [],
          "skipped": [],
          "duration": 8335,
          "root": false,
          "rootEmpty": false,
          "_timeout": 2000
        }
      ],
      "passes": [],
      "failures": [],
      "pending": [],
      "skipped": [],
      "duration": 0,
      "root": true,
      "rootEmpty": true,
      "_timeout": 2000
    }
  ],
  "meta": {
    "mocha": {
      "version": "7.0.1"
    },
    "mochawesome": {
      "options": {
        "quiet": false,
        "reportFilename": "mochawesome",
        "saveHtml": true,
        "saveJson": true,
        "consoleReporter": "spec",
        "useInlineDiffs": false,
        "code": true
      },
      "version": "6.2.2"
    },
    "marge": {
      "options": null,
      "version": "5.2.0"
    }
  }
}