{
  "stats": {
    "suites": 3,
    "tests": 3,
    "passes": 3,
    "pending": 0,
    "failures": 0,
    "start": "2022-09-26T10:01:14.440Z",
    "end": "2022-09-26T10:01:47.314Z",
    "duration": 32874,
    "testsRegistered": 3,
    "passPercent": 100,
    "pendingPercent": 0,
    "other": 0,
    "hasOther": false,
    "skipped": 0,
    "hasSkipped": false
  },
  "results": [
    {
      "uuid": "13c04b6c-0ba8-45eb-b879-5a387beef8b5",
      "title": "",
      "fullFile": "cypress/integration/RegressionTest.js",
      "file": "cypress/integration/RegressionTest.js",
      "beforeHooks": [],
      "afterHooks": [],
      "tests": [],
      "suites": [
        {
          "uuid": "0cfed124-7e4c-46c2-a4fd-cffaec55b3ff",
          "title": "Quales Course Management Regression Test suite",
          "fullFile": "",
          "file": "",
          "beforeHooks": [],
          "afterHooks": [],
          "tests": [],
          "suites": [
            {
              "uuid": "2449c350-8a6c-44b1-885e-b0f628603b30",
              "title": "Tests after login",
              "fullFile": "",
              "file": "",
              "beforeHooks": [],
              "afterHooks": [],
              "tests": [
                {
                  "title": "Validate that users with valid credentials can login to the app successfully",
                  "fullTitle": "Quales Course Management Regression Test suite Tests after login Validate that users with valid credentials can login to the app successfully",
                  "timedOut": null,
                  "duration": 5853,
                  "state": "passed",
                  "speed": "slow",
                  "pass": true,
                  "fail": false,
                  "pending": false,
                  "context": null,
                  "code": "//Test successful login\ncy.checksuccessfulLoginMessage({});",
                  "err": {},
                  "uuid": "1c903cba-1296-48ad-810b-159d680f0b1c",
                  "parentUUID": "2449c350-8a6c-44b1-885e-b0f628603b30",
                  "isHook": false,
                  "skipped": false
                },
                {
                  "title": "Validate that courses are displayed successfully",
                  "fullTitle": "Quales Course Management Regression Test suite Tests after login Validate that courses are displayed successfully",
                  "timedOut": null,
                  "duration": 15762,
                  "state": "passed",
                  "speed": "slow",
                  "pass": true,
                  "fail": false,
                  "pending": false,
                  "context": null,
                  "code": "//Test courses are listed.\ncy.checkCoursesDisplay({});",
                  "err": {},
                  "uuid": "1d8a3f94-e38f-47ba-b83a-cf97ad8a218b",
                  "parentUUID": "2449c350-8a6c-44b1-885e-b0f628603b30",
                  "isHook": false,
                  "skipped": false
                }
              ],
              "suites": [],
              "passes": [
                "1c903cba-1296-48ad-810b-159d680f0b1c",
                "1d8a3f94-e38f-47ba-b83a-cf97ad8a218b"
              ],
              "failures": [],
              "pending": [],
              "skipped": [],
              "duration": 21615,
              "root": false,
              "rootEmpty": false,
              "_timeout": 2000
            },
            {
              "uuid": "8bc5f923-d4e0-415d-baf8-3e27cb757293",
              "title": "Tear Down",
              "fullFile": "",
              "file": "",
              "beforeHooks": [],
              "afterHooks": [],
              "tests": [
                {
                  "title": "Validate that users can logout of the app successfully",
                  "fullTitle": "Quales Course Management Regression Test suite Tear Down Validate that users can logout of the app successfully",
                  "timedOut": null,
                  "duration": 11169,
                  "state": "passed",
                  "speed": "slow",
                  "pass": true,
                  "fail": false,
                  "pending": false,
                  "context": null,
                  "code": "//Test successful logout\ncy.checkLogout({});",
                  "err": {},
                  "uuid": "5d05d516-c77b-4f90-948a-acfe4fe3d2d9",
                  "parentUUID": "8bc5f923-d4e0-415d-baf8-3e27cb757293",
                  "isHook": false,
                  "skipped": false
                }
              ],
              "suites": [],
              "passes": [
                "5d05d516-c77b-4f90-948a-acfe4fe3d2d9"
              ],
              "failures": [],
              "pending": [],
              "skipped": [],
              "duration": 11169,
              "root": false,
              "rootEmpty": false,
              "_timeout": 2000
            }
          ],
          "passes": [],
          "failures": [],
          "pending": [],
          "skipped": [],
          "duration": 0,
          "root": false,
          "rootEmpty": false,
          "_timeout": 2000
        }
      ],
      "passes": [],
      "failures": [],
      "pending": [],
      "skipped": [],
      "duration": 0,
      "root": true,
      "rootEmpty": true,
      "_timeout": 2000
    }
  ],
  "meta": {
    "mocha": {
      "version": "7.0.1"
    },
    "mochawesome": {
      "options": {
        "quiet": false,
        "reportFilename": "mochawesome",
        "saveHtml": true,
        "saveJson": true,
        "consoleReporter": "spec",
        "useInlineDiffs": false,
        "code": true
      },
      "version": "6.2.2"
    },
    "marge": {
      "options": null,
      "version": "5.2.0"
    }
  }
}