{
  "stats": {
    "suites": 1,
    "tests": 4,
    "passes": 4,
    "pending": 0,
    "failures": 0,
    "start": "2022-09-29T12:40:35.355Z",
    "end": "2022-09-29T12:40:38.429Z",
    "duration": 3074,
    "testsRegistered": 4,
    "passPercent": 100,
    "pendingPercent": 0,
    "other": 0,
    "hasOther": false,
    "skipped": 0,
    "hasSkipped": false
  },
  "results": [
    {
      "uuid": "3b30d8f8-3ea1-4717-a51e-46d0364ac038",
      "title": "",
      "fullFile": "cypress/integration/RegressionTest.js",
      "file": "cypress/integration/RegressionTest.js",
      "beforeHooks": [],
      "afterHooks": [],
      "tests": [],
      "suites": [
        {
          "uuid": "939f31f9-57bc-45c9-827c-b110dbf3a9f3",
          "title": "Quales Course Management Regression API Test suite",
          "fullFile": "",
          "file": "",
          "beforeHooks": [],
          "afterHooks": [],
          "tests": [
            {
              "title": "Create a particular Course",
              "fullTitle": "Quales Course Management Regression API Test suite Create a particular Course",
              "timedOut": null,
              "duration": 1872,
              "state": "passed",
              "speed": "slow",
              "pass": true,
              "fail": false,
              "pending": false,
              "context": null,
              "code": "cy.request({\n  method: \"POST\",\n  url: \"/\" + \"/api/courses/\",\n  body: {\n    title: \"Cypress Course\",\n    categoryId: 2,\n    description: \"Testing Cypress course\",\n    courseUrl: \"https://www.youtube.com/watch?v=8vXoMqWgbQQ\",\n    imageUrl: \"https://source.unsplash.com/user/c_v_r/900x800\",\n    location: \"online\",\n    isPremium: false\n  }\n}).as(\"createACourseRequest\");\ncy.get(\"@createACourseRequest\").then(res => {\n  cy.log(JSON.stringify(res.body));\n  expect(res.status).to.eq(200);\n  courseId = res.body.id;\n  cy.log(JSON.stringify(courseId));\n  expect(res.body).to.have.property(\"id\");\n  expect(res.body).to.have.property(\"title\");\n});",
              "err": {},
              "uuid": "2b09f3ae-e241-4fb7-b027-ed47a8983463",
              "parentUUID": "939f31f9-57bc-45c9-827c-b110dbf3a9f3",
              "isHook": false,
              "skipped": false
            },
            {
              "title": "Get a particular Course",
              "fullTitle": "Quales Course Management Regression API Test suite Get a particular Course",
              "timedOut": null,
              "duration": 382,
              "state": "passed",
              "speed": "slow",
              "pass": true,
              "fail": false,
              "pending": false,
              "context": null,
              "code": "cy.request({\n  method: \"GET\",\n  url: \"/\" + \"/api/courses/\" + courseId\n}).as(\"searchACourseRequest\");\ncy.get(\"@searchACourseRequest\").then(res => {\n  cy.log(JSON.stringify(res.body));\n  expect(res.status).to.eq(200);\n  expect(res.body).to.have.property(\"id\");\n  expect(res.body).to.have.property(\"title\");\n});",
              "err": {},
              "uuid": "c5077087-4d1c-41e6-994b-894deded79b5",
              "parentUUID": "939f31f9-57bc-45c9-827c-b110dbf3a9f3",
              "isHook": false,
              "skipped": false
            },
            {
              "title": "Delete created ourse",
              "fullTitle": "Quales Course Management Regression API Test suite Delete created ourse",
              "timedOut": null,
              "duration": 355,
              "state": "passed",
              "speed": "slow",
              "pass": true,
              "fail": false,
              "pending": false,
              "context": null,
              "code": "cy.request({\n  method: \"DELETE\",\n  url: \"/\" + \"/api/courses/\" + courseId\n}).as(\"deleteCourseRequest\");\ncy.get(\"@deleteCourseRequest\").then(res => {\n  cy.log(JSON.stringify(res.body));\n  expect(res.status).to.eq(204);\n});",
              "err": {},
              "uuid": "946c62b8-1054-47dd-af30-05560f0b057f",
              "parentUUID": "939f31f9-57bc-45c9-827c-b110dbf3a9f3",
              "isHook": false,
              "skipped": false
            },
            {
              "title": "Get All Courses",
              "fullTitle": "Quales Course Management Regression API Test suite Get All Courses",
              "timedOut": null,
              "duration": 391,
              "state": "passed",
              "speed": "slow",
              "pass": true,
              "fail": false,
              "pending": false,
              "context": null,
              "code": "cy.request({\n  method: \"GET\",\n  url: \"/\" + \"/api/courses\"\n}).as(\"searchAllCoursesRequest\");\ncy.get(\"@searchAllCoursesRequest\").then(res => {\n  cy.log(JSON.stringify(res.body));\n  expect(res.status).to.eq(200);\n  expect(res.body.data[0]).to.have.property(\"id\");\n  expect(res.body.data[0]).to.have.property(\"title\");\n});",
              "err": {},
              "uuid": "6edf9185-8729-405a-a5b3-c1234cb50651",
              "parentUUID": "939f31f9-57bc-45c9-827c-b110dbf3a9f3",
              "isHook": false,
              "skipped": false
            }
          ],
          "suites": [],
          "passes": [
            "2b09f3ae-e241-4fb7-b027-ed47a8983463",
            "c5077087-4d1c-41e6-994b-894deded79b5",
            "946c62b8-1054-47dd-af30-05560f0b057f",
            "6edf9185-8729-405a-a5b3-c1234cb50651"
          ],
          "failures": [],
          "pending": [],
          "skipped": [],
          "duration": 3000,
          "root": false,
          "rootEmpty": false,
          "_timeout": 2000
        }
      ],
      "passes": [],
      "failures": [],
      "pending": [],
      "skipped": [],
      "duration": 0,
      "root": true,
      "rootEmpty": true,
      "_timeout": 2000
    }
  ],
  "meta": {
    "mocha": {
      "version": "7.0.1"
    },
    "mochawesome": {
      "options": {
        "quiet": false,
        "reportFilename": "mochawesome",
        "saveHtml": true,
        "saveJson": true,
        "consoleReporter": "spec",
        "useInlineDiffs": false,
        "code": true
      },
      "version": "6.2.2"
    },
    "marge": {
      "options": null,
      "version": "5.2.0"
    }
  }
}